[3.950s] Invoking command in '/home/diglo/ws_nav/src/imu_receiver': PYTHONPATH=/home/diglo/ws_nav/src/build/imu_receiver/prefix_override:/usr/lib/python3/dist-packages/colcon_core/task/python/colcon_distutils_commands:/home/diglo/ws_nav/src/install/imu_receiver/lib/python3.10/site-packages:${PYTHONPATH} /usr/bin/python3 -W ignore:setup.py install is deprecated -W ignore:easy_install command is deprecated setup.py egg_info --egg-base ../build/imu_receiver build --build-base /home/diglo/ws_nav/src/build/imu_receiver/build install --record /home/diglo/ws_nav/src/build/imu_receiver/install.log --single-version-externally-managed install_data
[5.187s] running egg_info
[5.189s] creating ../build/imu_receiver/imu_receiver.egg-info
[5.190s] writing ../build/imu_receiver/imu_receiver.egg-info/PKG-INFO
[5.193s] writing dependency_links to ../build/imu_receiver/imu_receiver.egg-info/dependency_links.txt
[5.194s] writing entry points to ../build/imu_receiver/imu_receiver.egg-info/entry_points.txt
[5.195s] writing requirements to ../build/imu_receiver/imu_receiver.egg-info/requires.txt
[5.195s] writing top-level names to ../build/imu_receiver/imu_receiver.egg-info/top_level.txt
[5.196s] writing manifest file '../build/imu_receiver/imu_receiver.egg-info/SOURCES.txt'
[5.200s] reading manifest file '../build/imu_receiver/imu_receiver.egg-info/SOURCES.txt'
[5.201s] adding license file 'LICENSE'
[5.203s] writing manifest file '../build/imu_receiver/imu_receiver.egg-info/SOURCES.txt'
[5.205s] running build
[5.206s] running build_py
[5.207s] creating /home/diglo/ws_nav/src/build/imu_receiver/build
[5.207s] creating /home/diglo/ws_nav/src/build/imu_receiver/build/lib
[5.208s] creating /home/diglo/ws_nav/src/build/imu_receiver/build/lib/imu_receiver
[5.209s] copying imu_receiver/receiver.py -> /home/diglo/ws_nav/src/build/imu_receiver/build/lib/imu_receiver
[5.210s] copying imu_receiver/__init__.py -> /home/diglo/ws_nav/src/build/imu_receiver/build/lib/imu_receiver
[5.210s] running install
[5.211s] running install_lib
[5.214s] creating /home/diglo/ws_nav/src/install/imu_receiver/lib/python3.10/site-packages/imu_receiver
[5.215s] copying /home/diglo/ws_nav/src/build/imu_receiver/build/lib/imu_receiver/receiver.py -> /home/diglo/ws_nav/src/install/imu_receiver/lib/python3.10/site-packages/imu_receiver
[5.216s] copying /home/diglo/ws_nav/src/build/imu_receiver/build/lib/imu_receiver/__init__.py -> /home/diglo/ws_nav/src/install/imu_receiver/lib/python3.10/site-packages/imu_receiver
[5.222s] byte-compiling /home/diglo/ws_nav/src/install/imu_receiver/lib/python3.10/site-packages/imu_receiver/receiver.py to receiver.cpython-310.pyc
[5.227s] byte-compiling /home/diglo/ws_nav/src/install/imu_receiver/lib/python3.10/site-packages/imu_receiver/__init__.py to __init__.cpython-310.pyc
[5.228s] running install_data
[5.229s] creating /home/diglo/ws_nav/src/install/imu_receiver/share/ament_index
[5.231s] error: can't copy 'resource/imu_receiver': doesn't exist or not a regular file
[5.232s] creating /home/diglo/ws_nav/src/install/imu_receiver/share/ament_index/resource_index
[5.233s] creating /home/diglo/ws_nav/src/install/imu_receiver/share/ament_index/resource_index/packages
[5.333s] Invoked command in '/home/diglo/ws_nav/src/imu_receiver' returned '1': PYTHONPATH=/home/diglo/ws_nav/src/build/imu_receiver/prefix_override:/usr/lib/python3/dist-packages/colcon_core/task/python/colcon_distutils_commands:/home/diglo/ws_nav/src/install/imu_receiver/lib/python3.10/site-packages:${PYTHONPATH} /usr/bin/python3 -W ignore:setup.py install is deprecated -W ignore:easy_install command is deprecated setup.py egg_info --egg-base ../build/imu_receiver build --build-base /home/diglo/ws_nav/src/build/imu_receiver/build install --record /home/diglo/ws_nav/src/build/imu_receiver/install.log --single-version-externally-managed install_data
