running egg_info
writing ../build/imu_receiver/imu_receiver.egg-info/PKG-INFO
writing dependency_links to ../build/imu_receiver/imu_receiver.egg-info/dependency_links.txt
writing entry points to ../build/imu_receiver/imu_receiver.egg-info/entry_points.txt
writing requirements to ../build/imu_receiver/imu_receiver.egg-info/requires.txt
writing top-level names to ../build/imu_receiver/imu_receiver.egg-info/top_level.txt
reading manifest file '../build/imu_receiver/imu_receiver.egg-info/SOURCES.txt'
adding license file 'LICENSE'
writing manifest file '../build/imu_receiver/imu_receiver.egg-info/SOURCES.txt'
running build
running build_py
running install
running install_lib
running install_data
copying resource/imu_receiver -> /home/diglo/ws_nav/src/install/imu_receiver/share/ament_index/resource_index/packages
copying package.xml -> /home/diglo/ws_nav/src/install/imu_receiver/share/imu_receiver
running install_egg_info
Copying ../build/imu_receiver/imu_receiver.egg-info to /home/diglo/ws_nav/src/install/imu_receiver/lib/python3.10/site-packages/imu_receiver-0.0.0-py3.10.egg-info
running install_scripts
Installing receiver script to /home/diglo/ws_nav/src/install/imu_receiver/lib/imu_receiver
writing list of installed files to '/home/diglo/ws_nav/src/build/imu_receiver/install.log'
