[3.263s] Invoking command in '/home/diglo/ws_nav/src/imu_receiver': PYTHONPATH=/home/diglo/ws_nav/src/build/imu_receiver/prefix_override:/usr/lib/python3/dist-packages/colcon_core/task/python/colcon_distutils_commands:/home/diglo/ws_nav/src/install/imu_receiver/lib/python3.10/site-packages:${PYTHONPATH} /usr/bin/python3 -W ignore:setup.py install is deprecated -W ignore:easy_install command is deprecated setup.py egg_info --egg-base ../build/imu_receiver build --build-base /home/diglo/ws_nav/src/build/imu_receiver/build install --record /home/diglo/ws_nav/src/build/imu_receiver/install.log --single-version-externally-managed install_data
[4.512s] running egg_info
[4.515s] writing ../build/imu_receiver/imu_receiver.egg-info/PKG-INFO
[4.517s] writing dependency_links to ../build/imu_receiver/imu_receiver.egg-info/dependency_links.txt
[4.519s] writing entry points to ../build/imu_receiver/imu_receiver.egg-info/entry_points.txt
[4.521s] writing requirements to ../build/imu_receiver/imu_receiver.egg-info/requires.txt
[4.522s] writing top-level names to ../build/imu_receiver/imu_receiver.egg-info/top_level.txt
[4.527s] reading manifest file '../build/imu_receiver/imu_receiver.egg-info/SOURCES.txt'
[4.529s] adding license file 'LICENSE'
[4.530s] writing manifest file '../build/imu_receiver/imu_receiver.egg-info/SOURCES.txt'
[4.531s] running build
[4.532s] running build_py
[4.533s] running install
[4.534s] running install_lib
[4.545s] running install_data
[4.546s] copying resource/imu_receiver -> /home/diglo/ws_nav/src/install/imu_receiver/share/ament_index/resource_index/packages
[4.546s] copying package.xml -> /home/diglo/ws_nav/src/install/imu_receiver/share/imu_receiver
[4.547s] running install_egg_info
[4.554s] Copying ../build/imu_receiver/imu_receiver.egg-info to /home/diglo/ws_nav/src/install/imu_receiver/lib/python3.10/site-packages/imu_receiver-0.0.0-py3.10.egg-info
[4.559s] running install_scripts
[4.646s] Installing receiver script to /home/diglo/ws_nav/src/install/imu_receiver/lib/imu_receiver
[4.647s] writing list of installed files to '/home/diglo/ws_nav/src/build/imu_receiver/install.log'
[4.770s] Invoked command in '/home/diglo/ws_nav/src/imu_receiver' returned '0': PYTHONPATH=/home/diglo/ws_nav/src/build/imu_receiver/prefix_override:/usr/lib/python3/dist-packages/colcon_core/task/python/colcon_distutils_commands:/home/diglo/ws_nav/src/install/imu_receiver/lib/python3.10/site-packages:${PYTHONPATH} /usr/bin/python3 -W ignore:setup.py install is deprecated -W ignore:easy_install command is deprecated setup.py egg_info --egg-base ../build/imu_receiver build --build-base /home/diglo/ws_nav/src/build/imu_receiver/build install --record /home/diglo/ws_nav/src/build/imu_receiver/install.log --single-version-externally-managed install_data
